<?xml version="1.0" encoding="UTF-8"?>
<testsuite xmlns:xsi="http://www.w3.org/2001/XMLSchema-instance" xsi:noNamespaceSchemaLocation="https://maven.apache.org/surefire/maven-surefire-plugin/xsd/surefire-test-report-3.0.xsd" version="3.0" name="sg.edu.nus.iss.ssf_11w.Ssf11wApplicationTests" time="2.144" tests="1" errors="0" skipped="0" failures="0">
  <properties>
[...]
</properties>
  <testcase name="contextLoads" classname="sg.edu.nus.iss.ssf_11w.Ssf11wApplicationTests" time="0.642">
    <system-out><![CDATA[12:21:14.215 [main] INFO org.springframework.test.context.support.AnnotationConfigContextLoaderUtils -- Could not detect default configuration classes for test class [sg.edu.nus.iss.ssf_11w.Ssf11wApplicationTests]: Ssf11wApplicationTests does not declare any static, non-private, non-final, nested classes annotated with @Configuration.
12:21:14.306 [main] INFO org.springframework.boot.test.context.SpringBootTestContextBootstrapper -- Found @SpringBootConfiguration sg.edu.nus.iss.ssf_11w.Ssf11wApplication for test class sg.edu.nus.iss.ssf_11w.Ssf11wApplicationTests
12:21:14.441 [main] INFO org.springframework.boot.devtools.restart.RestartApplicationListener -- Restart disabled due to context in which it is running

  .   ____          _            __ _ _
 /\\ / ___'_ __ _ _(_)_ __  __ _ \ \ \ \
( ( )\___ | '_ | '_| | '_ \/ _` | \ \ \ \
 \\/  ___)| |_)| | | | | || (_| |  ) ) ) )
  '  |____| .__|_| |_|_| |_\__, | / / / /
 =========|_|==============|___/=/_/_/_/

 :: Spring Boot ::                (v3.3.5)

2024-11-19T12:21:14.659+08:00  INFO 34856 --- [ssf_11w] [           main] s.e.n.i.ssf_11w.Ssf11wApplicationTests   : Starting Ssf11wApplicationTests using Java 23 with PID 34856 (started by Chloe Toh in C:\Users\Chloe Toh\vttp\ssf\sdf_11w)
2024-11-19T12:21:14.661+08:00  INFO 34856 --- [ssf_11w] [           main] s.e.n.i.ssf_11w.Ssf11wApplicationTests   : No active profile set, falling back to 1 default profile: "default"
2024-11-19T12:21:15.352+08:00  INFO 34856 --- [ssf_11w] [           main] o.s.b.a.w.s.WelcomePageHandlerMapping    : Adding welcome page: class path resource [static/index.html]
2024-11-19T12:21:15.525+08:00  WARN 34856 --- [ssf_11w] [           main] ion$DefaultTemplateResolverConfiguration : Cannot find template location: classpath:/templates/ (please add some templates, check your Thymeleaf configuration, or set spring.thymeleaf.check-template-location=false)
2024-11-19T12:21:15.566+08:00  INFO 34856 --- [ssf_11w] [           main] s.e.n.i.ssf_11w.Ssf11wApplicationTests   : Started Ssf11wApplicationTests in 1.135 seconds (process running for 1.886)
]]></system-out>
    <system-err><![CDATA[WARNING: A Java agent has been loaded dynamically (C:\Users\Chloe Toh\.m2\repository\net\bytebuddy\byte-buddy-agent\1.14.19\byte-buddy-agent-1.14.19.jar)
WARNING: If a serviceability tool is in use, please run with -XX:+EnableDynamicAgentLoading to hide this warning
WARNING: If a serviceability tool is not in use, please run with -Djdk.instrument.traceUsage for more information
WARNING: Dynamic loading of agents will be disallowed by default in a future release
]]></system-err>
  </testcase>
</testsuite>